<?xml version="1.0" encoding="UTF-8"?>
<testsuite name="Tests" tests="11" skipped="0" failures="0" errors="0" timestamp="2021-09-23T19:12:43" hostname="PETR" time="0.108">
  <properties/>
  <testcase name="[1] {1,2,3,4,5}" classname="Tests" time="0.057"/>
  <testcase name="[2] {1,4,5,2,3}" classname="Tests" time="0.002"/>
  <testcase name="[3] {1,5,2,4,3}" classname="Tests" time="0.002"/>
  <testcase name="[4] {1,3,2,5,4}" classname="Tests" time="0.002"/>
  <testcase name="[5] {5,4,2,3,1}" classname="Tests" time="0.002"/>
  <testcase name="[6] {5,2,3,4,1}" classname="Tests" time="0.002"/>
  <testcase name="[7] {5,4,3,2,1}" classname="Tests" time="0.004"/>
  <testcase name="noCurlies()" classname="Tests" time="0.004"/>
  <testcase name="[1] {1.2.3}" classname="Tests" time="0.003"/>
  <testcase name="[2] {1, 2, 3}" classname="Tests" time="0.002"/>
  <testcase name="[3] {a,b,c}" classname="Tests" time="0.002"/>
  <system-out><![CDATA[]]></system-out>
  <system-err><![CDATA[]]></system-err>
</testsuite>
